/*C2*/SET SCHEMA PUBLIC
SET FILES LOG TRUE
/*C4*/SET SCHEMA PUBLIC
DELETE FROM SESSION WHERE SESSIONID=1782781548179
INSERT INTO SESSION VALUES(1782781548179,'Untitled Session','2026-06-30 08:07:49.899136')
COMMIT
/*C15*/SET SCHEMA PUBLIC
SET SCHEMA "PUBLIC"
DISCONNECT
/*C17*/SET SCHEMA PUBLIC
SET SCHEMA "PUBLIC"
DISCONNECT
/*C16*/SET SCHEMA PUBLIC
DISCONNECT
/*C18*/SET SCHEMA PUBLIC
DISCONNECT
/*C23*/SET SCHEMA PUBLIC
SET SCHEMA "PUBLIC"
DISCONNECT
/*C24*/SET SCHEMA PUBLIC
DISCONNECT
/*C28*/SET SCHEMA PUBLIC
SET SCHEMA "PUBLIC"
DISCONNECT
/*C29*/SET SCHEMA PUBLIC
DISCONNECT
/*C30*/SET SCHEMA PUBLIC
SET SCHEMA "PUBLIC"
DISCONNECT
/*C31*/SET SCHEMA PUBLIC
DISCONNECT
/*C32*/SET SCHEMA PUBLIC
SET SCHEMA "PUBLIC"
DISCONNECT
/*C34*/SET SCHEMA PUBLIC
SET SCHEMA "PUBLIC"
DISCONNECT
